['C:\\Users\\timot\\Documents\\GitHub\\BrainGB\\examples\\example_main.py', '--dataset_name', 'ABIDE', '--pooling', 'concat', '--gcn_mp_type', 'edge_node_concate', '--hidden_dim', '256']
(K Fold Final Result)| avg_acc=65.61 +-  2.28, avg_auc=71.63 +- 3.68, avg_macro=64.70 +- 2.30

['C:\\Users\\timot\\Documents\\GitHub\\BrainGB\\examples\\example_main.py', '--dataset_name', 'ABIDE', '--pooling', 'concat', '--gcn_mp_type', 'edge_node_concate', '--hidden_dim', '256']
(K Fold Final Result)| avg_acc=64.72 +-  2.41, avg_auc=71.53 +- 2.24, avg_macro=64.18 +- 3.10

['C:\\Users\\timot\\Documents\\GitHub\\BrainGB\\examples\\example_main.py', '--dataset_name', 'ABIDE', '--pooling', 'concat', '--gcn_mp_type', 'edge_node_concate', '--hidden_dim', '256']
(K Fold Final Result)| avg_acc=62.14 +-  2.59, avg_auc=69.47 +- 4.32, avg_macro=61.62 +- 2.05

['C:\\Users\\timot\\Documents\\GitHub\\BrainGB\\examples\\example_main.py', '--dataset_name', 'ABIDE', '--pooling', 'concat', '--gcn_mp_type', 'edge_node_concate', '--hidden_dim', '256']
(K Fold Final Result)| avg_acc=64.32 +-  1.07, avg_auc=69.20 +- 1.17, avg_macro=64.20 +- 1.03

['C:\\Users\\timot\\Documents\\GitHub\\BrainGB\\examples\\example_main.py', '--dataset_name', 'ABIDE', '--pooling', 'concat', '--gcn_mp_type', 'edge_node_concate', '--hidden_dim', '256', '--k_fold_splits', '2']
(K Fold Final Result)| avg_acc=63.13 +-  1.35, avg_auc=69.35 +- 0.54, avg_macro=62.71 +- 1.67

['C:\\Users\\timot\\Documents\\GitHub\\BrainGB\\examples\\example_main.py', '--dataset_name', 'ABIDE', '--pooling', 'concat', '--gcn_mp_type', 'edge_node_concate', '--hidden_dim', '256', '--k_fold_splits', '2', '--epochs', '60']
(K Fold Final Result)| avg_acc=61.94 +-  0.43, avg_auc=67.94 +- 1.49, avg_macro=61.48 +- 0.45

['C:\\Users\\timot\\Documents\\GitHub\\BrainGB\\examples\\example_main.py', '--dataset_name', 'ABIDE', '--pooling', 'concat', '--gcn_mp_type', 'edge_node_concate', '--hidden_dim', '256', '--k_fold_splits', '2', '--epochs', '60']
(K Fold Final Result)| avg_acc=64.62 +-  0.33, avg_auc=67.16 +- 0.08, avg_macro=64.42 +- 0.15

['C:\\Users\\timot\\Documents\\GitHub\\BrainGB\\examples\\example_main.py', '--dataset_name', 'ABIDE', '--pooling', 'concat', '--gcn_mp_type', 'edge_node_concate', '--hidden_dim', '256', '--k_fold_splits', '2', '--epochs', '60']
(K Fold Final Result)| avg_acc=64.32 +-  0.23, avg_auc=69.45 +- 0.28, avg_macro=64.28 +- 0.20

['C:\\Users\\timot\\Documents\\GitHub\\BrainGB\\examples\\example_main.py', '--dataset_name', 'ABIDE', '--pooling', 'concat', '--gcn_mp_type', 'edge_node_concate', '--hidden_dim', '256', '--k_fold_splits', '2', '--epochs', '60']
(K Fold Final Result)| avg_acc=64.22 +-  2.12, avg_auc=68.25 +- 2.20, avg_macro=64.13 +- 2.03

['C:\\Users\\timot\\Documents\\GitHub\\BrainGB\\examples\\example_main.py', '--dataset_name', 'ABIDE', '--pooling', 'concat', '--gcn_mp_type', 'edge_node_concate', '--hidden_dim', '256', '--k_fold_splits', '2', '--epochs', '60']
(K Fold Final Result)| avg_acc=64.42 +-  1.25, avg_auc=69.57 +- 1.62, avg_macro=63.48 +- 0.31

['C:\\Users\\timot\\Documents\\GitHub\\BrainGB\\examples\\example_main.py', '--dataset_name', 'ABIDE', '--pooling', 'concat', '--gcn_mp_type', 'edge_node_concate', '--hidden_dim', '256', '--k_fold_splits', '2', '--epochs', '60']
(K Fold Final Result)| avg_acc=63.43 +-  1.05, avg_auc=68.47 +- 1.25, avg_macro=62.68 +- 0.72

['C:\\Users\\timot\\Documents\\GitHub\\BrainGB\\examples\\example_main.py', '--dataset_name', 'ABIDE', '--pooling', 'concat', '--gcn_mp_type', 'edge_node_concate', '--hidden_dim', '256', '--k_fold_splits', '2', '--epochs', '60']
(K Fold Final Result)| avg_acc=62.34 +-  1.82, avg_auc=68.86 +- 1.33, avg_macro=62.32 +- 1.81

['C:\\Users\\timot\\Documents\\GitHub\\BrainGB\\examples\\example_main.py', '--dataset_name', 'ABIDE', '--pooling', 'concat', '--gcn_mp_type', 'edge_node_concate', '--hidden_dim', '256', '--k_fold_splits', '2', '--epochs', '60']
(K Fold Final Result)| avg_acc=61.05 +-  0.66, avg_auc=66.77 +- 0.52, avg_macro=60.84 +- 0.85

['C:\\Users\\timot\\Documents\\GitHub\\BrainGB\\examples\\example_main.py', '--dataset_name', 'ABIDE', '--pooling', 'concat', '--gcn_mp_type', 'edge_node_concate', '--hidden_dim', '256', '--k_fold_splits', '2', '--epochs', '60']
(K Fold Final Result)| avg_acc=65.91 +-  0.16, avg_auc=72.01 +- 0.16, avg_macro=65.45 +- 0.59

['C:\\Users\\timot\\Documents\\GitHub\\BrainGB\\examples\\example_main.py', '--dataset_name', 'ABCD', '--pooling', 'concat', '--gcn_mp_type', 'edge_node_concate', '--hidden_dim', '256', '--label_name', 'cbcl_scr_syn_anxdep_t', '--epochs', '1']
(K Fold Final Result)| avg_acc=87.87 +-  0.02, avg_auc=51.80 +- 1.40, avg_macro=46.77 +- 0.01

